<?xml version="1.0" encoding="UTF-8"?>
<testng-results skipped="0" failed="0" ignored="0" total="1" passed="1">
  <reporter-output>
  </reporter-output>
  <suite name="Default suite" duration-ms="5839" started-at="2021-02-20T17:58:51 IST" finished-at="2021-02-20T17:58:56 IST">
    <groups>
    </groups>
    <test name="Default test" duration-ms="5839" started-at="2021-02-20T17:58:51 IST" finished-at="2021-02-20T17:58:56 IST">
      <class name="Test.LoginTest">
        <test-method status="PASS" signature="login(java.lang.String)[pri:0, instance:Test.LoginTest@3043fe0e]" name="login" duration-ms="5749" started-at="2021-02-20T17:58:51 IST" data-provider="geturl" finished-at="2021-02-20T17:58:56 IST">
          <params>
            <param index="0">
              <value>
                <![CDATA[https://www.linkedin.com/]]>
              </value>
            </param>
          </params>
          <reporter-output>
          </reporter-output>
        </test-method> <!-- login -->
      </class> <!-- Test.LoginTest -->
    </test> <!-- Default test -->
  </suite> <!-- Default suite -->
</testng-results>
